app/build/intermediates/manifest_merge_blame_file/debug/processDebugMainManifest/manifest-merger-blame-debug-report.txt
1<?xml version="1.0" encoding="utf-8"?>
2<manifest xmlns:android="http://schemas.android.com/apk/res/android"
3    package="com.aexon.debug"
4    android:versionCode="1017"
5    android:versionName="1.3" >
6
7    <uses-sdk
8        android:minSdkVersion="26"
9        android:targetSdkVersion="36" />
10
11    <uses-permission android:name="moe.shizuku.privileged.api.permission.MOE_SHIZUKU" />
11-->src/main/AndroidManifest.xml:4:2-86
11-->src/main/AndroidManifest.xml:4:19-83
12
13    <queries>
13-->src/main/AndroidManifest.xml:5:2-7:12
14        <package android:name="moe.shizuku.privileged.api" />
14-->src/main/AndroidManifest.xml:6:4-57
14-->src/main/AndroidManifest.xml:6:13-54
15    </queries>
16
17    <uses-permission android:name="android.permission.INTERNET" />
17-->src/main/AndroidManifest.xml:8:2-64
17-->src/main/AndroidManifest.xml:8:19-61
18    <uses-permission android:name="android.permission.ACCESS_NETWORK_STATE" />
18-->src/main/AndroidManifest.xml:9:2-76
18-->src/main/AndroidManifest.xml:9:19-73
19    <uses-permission android:name="android.permission.QUERY_ALL_PACKAGES" />
19-->src/main/AndroidManifest.xml:10:2-74
19-->src/main/AndroidManifest.xml:10:19-71
20    <uses-permission android:name="android.permission.POST_NOTIFICATIONS" />
20-->src/main/AndroidManifest.xml:11:2-74
20-->src/main/AndroidManifest.xml:11:19-71
21    <uses-permission android:name="android.permission.FOREGROUND_SERVICE" />
21-->src/main/AndroidManifest.xml:12:2-74
21-->src/main/AndroidManifest.xml:12:19-71
22    <uses-permission android:name="android.permission.FOREGROUND_SERVICE_DATA_SYNC" />
22-->src/main/AndroidManifest.xml:13:2-84
22-->src/main/AndroidManifest.xml:13:19-81
23    <uses-permission android:name="android.permission.RECEIVE_BOOT_COMPLETED" />
23-->src/main/AndroidManifest.xml:14:2-78
23-->src/main/AndroidManifest.xml:14:19-75
24    <uses-permission android:name="android.permission.INTERACT_ACROSS_USERS_FULL" />
24-->src/main/AndroidManifest.xml:15:2-82
24-->src/main/AndroidManifest.xml:15:19-79
25    <uses-permission android:name="android.permission.WRITE_SECURE_SETTINGS" />
25-->src/main/AndroidManifest.xml:16:2-77
25-->src/main/AndroidManifest.xml:16:19-74
26    <uses-permission android:name="android.permission.ACCESS_SHORTCUTS" />
26-->src/main/AndroidManifest.xml:17:2-72
26-->src/main/AndroidManifest.xml:17:19-69
27    <uses-permission android:name="moe.shizuku.manager.permission.API_V23" />
27-->src/main/AndroidManifest.xml:18:2-75
27-->src/main/AndroidManifest.xml:18:19-72
28
29    <application
29-->src/main/AndroidManifest.xml:19:2-73:16
30        android:name="com.aexon.AexonApplication"
30-->src/main/AndroidManifest.xml:23:3-35
31        android:allowBackup="true"
31-->src/main/AndroidManifest.xml:20:3-29
32        android:debuggable="true"
33        android:extractNativeLibs="false"
34        android:icon="@mipmap/ic_launcher"
34-->src/main/AndroidManifest.xml:21:3-37
35        android:label="@string/app_name"
35-->src/main/AndroidManifest.xml:22:3-35
36        android:requestLegacyExternalStorage="true"
36-->src/main/AndroidManifest.xml:24:3-46
37        android:theme="@style/AppTheme" >
37-->src/main/AndroidManifest.xml:25:3-34
38        <activity
38-->src/main/AndroidManifest.xml:26:3-38:14
39            android:name="com.aexon.MainActivity"
39-->src/main/AndroidManifest.xml:27:4-32
40            android:configChanges="orientation|screenSize|keyboardHidden|smallestScreenSize|screenLayout"
40-->src/main/AndroidManifest.xml:28:4-97
41            android:exported="true"
41-->src/main/AndroidManifest.xml:33:4-27
42            android:hardwareAccelerated="true"
42-->src/main/AndroidManifest.xml:29:4-38
43            android:screenOrientation="portrait"
43-->src/main/AndroidManifest.xml:32:4-40
44            android:supportsPictureInPicture="true"
44-->src/main/AndroidManifest.xml:30:4-43
45            android:theme="@style/AppTheme" >
45-->src/main/AndroidManifest.xml:31:4-35
46            <intent-filter>
46-->src/main/AndroidManifest.xml:34:4-37:20
47                <action android:name="android.intent.action.MAIN" />
47-->src/main/AndroidManifest.xml:35:5-57
47-->src/main/AndroidManifest.xml:35:13-54
48
49                <category android:name="android.intent.category.LAUNCHER" />
49-->src/main/AndroidManifest.xml:36:5-65
49-->src/main/AndroidManifest.xml:36:15-62
50            </intent-filter>
51        </activity>
52        <activity
52-->src/main/AndroidManifest.xml:39:3-44:38
53            android:name="com.aexon.AppearanceActivity"
53-->src/main/AndroidManifest.xml:40:4-38
54            android:configChanges="orientation|screenSize|keyboardHidden|smallestScreenSize|screenLayout"
54-->src/main/AndroidManifest.xml:41:4-97
55            android:hardwareAccelerated="true"
55-->src/main/AndroidManifest.xml:42:4-38
56            android:supportsPictureInPicture="true"
56-->src/main/AndroidManifest.xml:43:4-43
57            android:theme="@style/AppTheme" />
57-->src/main/AndroidManifest.xml:44:4-35
58        <activity
58-->src/main/AndroidManifest.xml:45:3-51:48
59            android:name="com.aexon.ActivasiActivity"
59-->src/main/AndroidManifest.xml:46:4-36
60            android:configChanges="orientation|screenSize|keyboardHidden|smallestScreenSize|screenLayout"
60-->src/main/AndroidManifest.xml:47:4-97
61            android:hardwareAccelerated="true"
61-->src/main/AndroidManifest.xml:48:4-38
62            android:supportsPictureInPicture="true"
62-->src/main/AndroidManifest.xml:49:4-43
63            android:theme="@style/AppTheme"
63-->src/main/AndroidManifest.xml:50:4-35
64            android:windowSoftInputMode="stateHidden" />
64-->src/main/AndroidManifest.xml:51:4-45
65        <activity
65-->src/main/AndroidManifest.xml:52:3-57:38
66            android:name="com.aexon.TerminalActivity"
66-->src/main/AndroidManifest.xml:53:4-36
67            android:configChanges="orientation|screenSize|keyboardHidden|smallestScreenSize|screenLayout"
67-->src/main/AndroidManifest.xml:54:4-97
68            android:hardwareAccelerated="true"
68-->src/main/AndroidManifest.xml:55:4-38
69            android:supportsPictureInPicture="true"
69-->src/main/AndroidManifest.xml:56:4-43
70            android:theme="@style/AppTheme" />
70-->src/main/AndroidManifest.xml:57:4-35
71        <activity
71-->src/main/AndroidManifest.xml:58:3-61:52
72            android:name="com.aexon.DebugActivity"
72-->src/main/AndroidManifest.xml:59:4-33
73            android:screenOrientation="portrait"
73-->src/main/AndroidManifest.xml:60:4-40
74            android:theme="@style/AppTheme.DebugActivity" />
74-->src/main/AndroidManifest.xml:61:4-49
75
76        <provider
76-->src/main/AndroidManifest.xml:62:3-72:14
77            android:name="rikka.shizuku.ShizukuProvider"
77-->src/main/AndroidManifest.xml:63:4-48
78            android:authorities="com.aexon.shizuku"
78-->src/main/AndroidManifest.xml:64:4-43
79            android:enabled="true"
79-->src/main/AndroidManifest.xml:66:4-26
80            android:exported="true"
80-->src/main/AndroidManifest.xml:67:4-27
81            android:multiprocess="false"
81-->src/main/AndroidManifest.xml:65:4-32
82            android:permission="android.permission.INTERACT_ACROSS_USERS_FULL" >
82-->src/main/AndroidManifest.xml:68:4-70
83            <meta-data
83-->src/main/AndroidManifest.xml:69:4-71:28
84                android:name="moe.shizuku.client.V3_SUPPORT"
84-->src/main/AndroidManifest.xml:70:5-49
85                android:value="true" />
85-->src/main/AndroidManifest.xml:71:5-25
86        </provider>
87
88        <meta-data
88-->src/main/AndroidManifest.xml:69:4-71:28
89            android:name="moe.shizuku.client.V3_SUPPORT"
89-->src/main/AndroidManifest.xml:70:5-49
90            android:value="true" />
90-->src/main/AndroidManifest.xml:71:5-25
91    </application>
92
93</manifest>